Running inference on 1534 tasks (batch_size=50)
  Batch 0-50: 3.5s (14.5 tasks/s)
  Batch 50-100: 3.4s (14.7 tasks/s)
  Batch 100-150: 2.5s (20.0 tasks/s)
  Batch 150-200: 2.6s (19.2 tasks/s)
  Batch 200-250: 2.0s (24.4 tasks/s)
  Batch 250-300: 2.7s (18.4 tasks/s)
  Batch 300-350: 2.7s (18.6 tasks/s)
  Batch 350-400: 2.5s (19.9 tasks/s)
  Batch 400-450: 2.4s (21.3 tasks/s)
  Batch 450-500: 2.3s (21.3 tasks/s)
  Batch 500-550: 2.2s (22.8 tasks/s)
  Batch 550-600: 2.1s (23.4 tasks/s)
  Batch 600-650: 2.0s (24.8 tasks/s)
  Batch 650-700: 1.9s (26.8 tasks/s)
  Batch 700-750: 2.2s (22.2 tasks/s)
  Batch 750-800: 2.4s (20.5 tasks/s)
  Batch 800-850: 2.2s (22.4 tasks/s)
  Batch 850-900: 2.8s (18.1 tasks/s)
  Batch 900-950: 7.9s (6.4 tasks/s)
  Batch 950-1000: 3.8s (13.2 tasks/s)
  Batch 1000-1050: 3.8s (13.0 tasks/s)
  Batch 1050-1100: 4.2s (12.0 tasks/s)
  Batch 1100-1150: 6.1s (8.2 tasks/s)
  Batch 1150-1200: 2.8s (18.1 tasks/s)
  Batch 1200-1250: 2.3s (21.3 tasks/s)
  Batch 1250-1300: 1.8s (27.2 tasks/s)
  Batch 1300-1350: 2.2s (23.0 tasks/s)
  Batch 1350-1400: 2.2s (22.3 tasks/s)
  Batch 1400-1450: 2.0s (25.2 tasks/s)
  Batch 1450-1500: 6.0s (8.4 tasks/s)
  Batch 1500-1534: 2.6s (13.0 tasks/s)

Inference complete: 1534 predictions in 92.2s
  Saved to results/baseline_32b.json

Running evaluation...

==================================================
BIRD Execution Accuracy: 0.5737 (880/1534)
  Skipped (gold errors): 0
  Pred SQL errors:       53
  Result mismatches:     601

Per-database accuracy:
  california_schools             0.5169 (46/89)
  card_games                     0.5288 (101/191)
  codebase_community             0.5968 (111/186)
  debit_card_specializing        0.4844 (31/64)
  european_football_2            0.5891 (76/129)
  financial                      0.5943 (63/106)
  formula_1                      0.4885 (85/174)
  student_club                   0.6899 (109/158)
  superhero                      0.8682 (112/129)
  thrombosis_prediction          0.4110 (67/163)
  toxicology                     0.5448 (79/145)
==================================================

Detailed results saved to: results/baseline_32b_detailed.json
[tracker] Logged: baseline_32b | accuracy=0.5737 | Greedy baseline, 1534 tasks
