Running inference on 1534 tasks (batch_size=50)
  Batch 0-50: 151.6s (0.3 tasks/s)
  Batch 50-100: 3.2s (15.6 tasks/s)
  Batch 100-150: 2.9s (17.4 tasks/s)
  Batch 150-200: 2.5s (19.7 tasks/s)
  Batch 200-250: 1.6s (31.2 tasks/s)
  Batch 250-300: 2.5s (19.7 tasks/s)
  Batch 300-350: 2.4s (20.8 tasks/s)
  Batch 350-400: 2.1s (24.3 tasks/s)
  Batch 400-450: 2.4s (21.1 tasks/s)
  Batch 450-500: 2.4s (21.3 tasks/s)
  Batch 500-550: 2.6s (19.5 tasks/s)
  Batch 550-600: 2.4s (21.3 tasks/s)
  Batch 600-650: 2.4s (21.2 tasks/s)
  Batch 650-700: 2.1s (24.2 tasks/s)
  Batch 700-750: 2.4s (21.1 tasks/s)
  Batch 750-800: 2.1s (24.3 tasks/s)
  Batch 800-850: 2.0s (25.1 tasks/s)
  Batch 850-900: 2.4s (20.8 tasks/s)
  Batch 900-950: 2.5s (20.0 tasks/s)
  Batch 950-1000: 2.9s (17.5 tasks/s)
  Batch 1000-1050: 3.2s (15.6 tasks/s)
  Batch 1050-1100: 3.2s (15.7 tasks/s)
  Batch 1100-1150: 4.4s (11.4 tasks/s)
  Batch 1150-1200: 2.6s (19.0 tasks/s)
  Batch 1200-1250: 2.1s (24.1 tasks/s)
  Batch 1250-1300: 1.6s (31.7 tasks/s)
  Batch 1300-1350: 1.9s (26.0 tasks/s)
  Batch 1350-1400: 1.8s (28.5 tasks/s)
  Batch 1400-1450: 1.7s (28.8 tasks/s)
  Batch 1450-1500: 5.1s (9.8 tasks/s)
  Batch 1500-1534: 2.4s (14.3 tasks/s)

Inference complete: 1534 predictions in 227.0s
  Saved to results/prompt_v2.json

Running evaluation...

==================================================
BIRD Execution Accuracy: 0.5919 (908/1534)
  Skipped (gold errors): 0
  Pred SQL errors:       51
  Result mismatches:     575

Per-database accuracy:
  california_schools             0.6180 (55/89)
  card_games                     0.5340 (102/191)
  codebase_community             0.5699 (106/186)
  debit_card_specializing        0.5625 (36/64)
  european_football_2            0.5891 (76/129)
  financial                      0.5943 (63/106)
  formula_1                      0.5172 (90/174)
  student_club                   0.7025 (111/158)
  superhero                      0.8527 (110/129)
  thrombosis_prediction          0.4417 (72/163)
  toxicology                     0.6000 (87/145)
==================================================

Detailed results saved to: results/prompt_v2_detailed.json
[tracker] Logged: prompt_v2 | accuracy=0.5919 | prompt=v2, 1534 tasks
