Running vote inference: 1534 tasks, n=5, temp=0.7
  [inference] Batch 0-20: 4.4s (4.5 tasks/s)
  [inference] Batch 20-40: 4.0s (5.0 tasks/s)
  [inference] Batch 40-60: 4.4s (4.5 tasks/s)
  [inference] Batch 60-80: 3.4s (6.0 tasks/s)
  [inference] Batch 80-100: 5.7s (3.5 tasks/s)
  [inference] Batch 100-120: 5.7s (3.5 tasks/s)
  [inference] Batch 120-140: 4.8s (4.2 tasks/s)
  [inference] Batch 140-160: 4.2s (4.8 tasks/s)
  [inference] Batch 160-180: 4.7s (4.3 tasks/s)
  [inference] Batch 180-200: 3.7s (5.4 tasks/s)
  [inference] Batch 200-220: 2.9s (7.0 tasks/s)
  [inference] Batch 220-240: 2.2s (9.1 tasks/s)
  [inference] Batch 240-260: 5.7s (3.5 tasks/s)
  [inference] Batch 260-280: 2.7s (7.4 tasks/s)
  [inference] Batch 280-300: 2.6s (7.7 tasks/s)
  [inference] Batch 300-320: 2.2s (9.1 tasks/s)
  [inference] Batch 320-340: 3.0s (6.7 tasks/s)
  [inference] Batch 340-360: 3.6s (5.6 tasks/s)
  [inference] Batch 360-380: 2.6s (7.7 tasks/s)
  [inference] Batch 380-400: 2.3s (8.9 tasks/s)
  [inference] Batch 400-420: 4.4s (4.5 tasks/s)
  [inference] Batch 420-440: 3.4s (5.8 tasks/s)
  [inference] Batch 440-460: 2.3s (8.6 tasks/s)
  [inference] Batch 460-480: 3.0s (6.6 tasks/s)
  [inference] Batch 480-500: 3.3s (6.0 tasks/s)
  [inference] Batch 500-520: 4.0s (5.0 tasks/s)
  [inference] Batch 520-540: 4.3s (4.7 tasks/s)
  [inference] Batch 540-560: 3.6s (5.6 tasks/s)
  [inference] Batch 560-580: 4.0s (5.1 tasks/s)
  [inference] Batch 580-600: 4.2s (4.8 tasks/s)
  [inference] Batch 600-620: 4.2s (4.8 tasks/s)
  [inference] Batch 620-640: 4.1s (4.9 tasks/s)
  [inference] Batch 640-660: 3.8s (5.3 tasks/s)
  [inference] Batch 660-680: 4.0s (5.0 tasks/s)
  [inference] Batch 680-700: 3.4s (5.9 tasks/s)
  [inference] Batch 700-720: 3.4s (5.8 tasks/s)
  [inference] Batch 720-740: 2.8s (7.1 tasks/s)
  [inference] Batch 740-760: 3.2s (6.3 tasks/s)
  [inference] Batch 760-780: 3.2s (6.3 tasks/s)
  [inference] Batch 780-800: 2.5s (8.1 tasks/s)
  [inference] Batch 800-820: 3.1s (6.6 tasks/s)
  [inference] Batch 820-840: 2.1s (9.3 tasks/s)
  [inference] Batch 840-860: 4.2s (4.7 tasks/s)
  [inference] Batch 860-880: 4.6s (4.4 tasks/s)
  [inference] Batch 880-900: 5.2s (3.8 tasks/s)
  [inference] Batch 900-920: 4.2s (4.8 tasks/s)
  [inference] Batch 920-940: 4.4s (4.6 tasks/s)
  [inference] Batch 940-960: 7.8s (2.6 tasks/s)
  [inference] Batch 960-980: 4.0s (5.0 tasks/s)
  [inference] Batch 980-1000: 5.5s (3.6 tasks/s)
  [inference] Batch 1000-1020: 5.2s (3.9 tasks/s)
  [inference] Batch 1020-1040: 7.6s (2.6 tasks/s)
  [inference] Batch 1040-1060: 6.8s (2.9 tasks/s)
  [inference] Batch 1060-1080: 5.8s (3.4 tasks/s)
  [inference] Batch 1080-1100: 6.2s (3.2 tasks/s)
  [inference] Batch 1100-1120: 7.2s (2.8 tasks/s)
  [inference] Batch 1120-1140: 16.2s (1.2 tasks/s)
  [inference] Batch 1140-1160: 5.8s (3.5 tasks/s)
  [inference] Batch 1160-1180: 2.6s (7.7 tasks/s)
  [inference] Batch 1180-1200: 3.7s (5.4 tasks/s)
  [inference] Batch 1200-1220: 2.5s (7.8 tasks/s)
  [inference] Batch 1220-1240: 2.6s (7.7 tasks/s)
  [inference] Batch 1240-1260: 2.9s (6.8 tasks/s)
  [inference] Batch 1260-1280: 2.5s (8.0 tasks/s)
  [inference] Batch 1280-1300: 2.4s (8.2 tasks/s)
  [inference] Batch 1300-1320: 2.9s (6.8 tasks/s)
  [inference] Batch 1320-1340: 4.2s (4.7 tasks/s)
  [inference] Batch 1340-1360: 4.0s (5.0 tasks/s)
  [inference] Batch 1360-1380: 2.9s (6.9 tasks/s)
  [inference] Batch 1380-1400: 3.8s (5.2 tasks/s)
  [inference] Batch 1400-1420: 3.3s (6.1 tasks/s)
  [inference] Batch 1420-1440: 3.5s (5.8 tasks/s)
  [inference] Batch 1440-1460: 4.7s (4.2 tasks/s)
  [inference] Batch 1460-1480: 3.4s (5.9 tasks/s)
  [inference] Batch 1480-1500: 7.2s (2.8 tasks/s)
  [inference] Batch 1500-1520: 2.2s (9.1 tasks/s)
  [inference] Batch 1520-1534: 3.6s (3.8 tasks/s)

Inference done: 1534 tasks in 316.7s
Running local SQL execution and voting...
  [voting] 200/1534 tasks processed
  [voting] 400/1534 tasks processed
  [voting] 600/1534 tasks processed
  [voting] 800/1534 tasks processed
  [voting] 1000/1534 tasks processed
  [voting] 1200/1534 tasks processed
  [voting] 1400/1534 tasks processed

Vote complete: 1534 predictions in 316.7s
  Unanimous: 1135
  Majority:  363
  No majority (tie): 13
  All failed: 23
  Saved to results/vote_v2_sl.json

Running evaluation...

==================================================
BIRD Execution Accuracy: 0.6004 (921/1534)
  Skipped (gold errors): 0
  Pred SQL errors:       23
  Result mismatches:     590

Per-database accuracy:
  california_schools             0.6404 (57/89)
  card_games                     0.5340 (102/191)
  codebase_community             0.5968 (111/186)
  debit_card_specializing        0.5000 (32/64)
  european_football_2            0.6357 (82/129)
  financial                      0.5849 (62/106)
  formula_1                      0.5000 (87/174)
  student_club                   0.7468 (118/158)
  superhero                      0.8450 (109/129)
  thrombosis_prediction          0.4417 (72/163)
  toxicology                     0.6138 (89/145)
==================================================

Detailed results saved to: results/vote_v2_sl_detailed.json
[tracker] Logged: vote_v2_sl_n5 | accuracy=0.6004 | vote n=5 temp=0.7 prompt=v2 sl=True
