Running vote inference: 1534 tasks, n=5, temp=0.7
  [inference] Batch 0-20: 136.8s (0.1 tasks/s)
  [inference] Batch 20-40: 3.2s (6.2 tasks/s)
  [inference] Batch 40-60: 3.3s (6.0 tasks/s)
  [inference] Batch 60-80: 3.5s (5.7 tasks/s)
  [inference] Batch 80-100: 3.4s (5.9 tasks/s)
  [inference] Batch 100-120: 3.5s (5.7 tasks/s)
  [inference] Batch 120-140: 2.5s (8.1 tasks/s)
  [inference] Batch 140-160: 2.4s (8.2 tasks/s)
  [inference] Batch 160-180: 2.7s (7.4 tasks/s)
  [inference] Batch 180-200: 2.4s (8.2 tasks/s)
  [inference] Batch 200-220: 2.0s (10.1 tasks/s)
  [inference] Batch 220-240: 1.8s (11.3 tasks/s)
  [inference] Batch 240-260: 2.6s (7.8 tasks/s)
  [inference] Batch 260-280: 1.8s (10.9 tasks/s)
  [inference] Batch 280-300: 1.8s (11.0 tasks/s)
  [inference] Batch 300-320: 2.0s (10.0 tasks/s)
  [inference] Batch 320-340: 2.6s (7.7 tasks/s)
  [inference] Batch 340-360: 1.9s (10.3 tasks/s)
  [inference] Batch 360-380: 2.3s (8.6 tasks/s)
  [inference] Batch 380-400: 1.9s (10.8 tasks/s)
  [inference] Batch 400-420: 2.1s (9.5 tasks/s)
  [inference] Batch 420-440: 2.4s (8.4 tasks/s)
  [inference] Batch 440-460: 2.3s (8.6 tasks/s)
  [inference] Batch 460-480: 1.9s (10.7 tasks/s)
  [inference] Batch 480-500: 2.3s (8.6 tasks/s)
  [inference] Batch 500-520: 2.3s (8.8 tasks/s)
  [inference] Batch 520-540: 2.7s (7.5 tasks/s)
  [inference] Batch 540-560: 1.7s (11.9 tasks/s)
  [inference] Batch 560-580: 2.6s (7.8 tasks/s)
  [inference] Batch 580-600: 2.5s (8.1 tasks/s)
  [inference] Batch 600-620: 2.1s (9.7 tasks/s)
  [inference] Batch 620-640: 4.2s (4.8 tasks/s)
  [inference] Batch 640-660: 1.7s (11.7 tasks/s)
  [inference] Batch 660-680: 1.6s (12.5 tasks/s)
  [inference] Batch 680-700: 2.2s (9.0 tasks/s)
  [inference] Batch 700-720: 2.0s (10.2 tasks/s)
  [inference] Batch 720-740: 1.6s (12.3 tasks/s)
  [inference] Batch 740-760: 2.4s (8.2 tasks/s)
  [inference] Batch 760-780: 2.6s (7.7 tasks/s)
  [inference] Batch 780-800: 2.0s (9.8 tasks/s)
  [inference] Batch 800-820: 1.8s (11.0 tasks/s)
  [inference] Batch 820-840: 2.1s (9.7 tasks/s)
  [inference] Batch 840-860: 2.6s (7.7 tasks/s)
  [inference] Batch 860-880: 2.4s (8.4 tasks/s)
  [inference] Batch 880-900: 2.7s (7.5 tasks/s)
  [inference] Batch 900-920: 2.1s (9.7 tasks/s)
  [inference] Batch 920-940: 2.6s (7.6 tasks/s)
  [inference] Batch 940-960: 5.4s (3.7 tasks/s)
  [inference] Batch 960-980: 2.4s (8.4 tasks/s)
  [inference] Batch 980-1000: 2.8s (7.0 tasks/s)
  [inference] Batch 1000-1020: 2.6s (7.7 tasks/s)
  [inference] Batch 1020-1040: 3.6s (5.5 tasks/s)
  [inference] Batch 1040-1060: 2.7s (7.5 tasks/s)
  [inference] Batch 1060-1080: 2.7s (7.4 tasks/s)
  [inference] Batch 1080-1100: 3.3s (6.1 tasks/s)
  [inference] Batch 1100-1120: 4.2s (4.7 tasks/s)
  [inference] Batch 1120-1140: 5.0s (4.0 tasks/s)
  [inference] Batch 1140-1160: 3.9s (5.2 tasks/s)
  [inference] Batch 1160-1180: 2.3s (8.8 tasks/s)
  [inference] Batch 1180-1200: 2.9s (7.0 tasks/s)
  [inference] Batch 1200-1220: 2.0s (9.8 tasks/s)
  [inference] Batch 1220-1240: 2.0s (10.1 tasks/s)
  [inference] Batch 1240-1260: 2.6s (7.6 tasks/s)
  [inference] Batch 1260-1280: 2.1s (9.6 tasks/s)
  [inference] Batch 1280-1300: 1.7s (11.6 tasks/s)
  [inference] Batch 1300-1320: 1.9s (10.8 tasks/s)
  [inference] Batch 1320-1340: 2.1s (9.7 tasks/s)
  [inference] Batch 1340-1360: 2.1s (9.4 tasks/s)
  [inference] Batch 1360-1380: 1.7s (12.0 tasks/s)
  [inference] Batch 1380-1400: 2.1s (9.4 tasks/s)
  [inference] Batch 1400-1420: 1.9s (10.5 tasks/s)
  [inference] Batch 1420-1440: 2.3s (8.7 tasks/s)
  [inference] Batch 1440-1460: 3.0s (6.7 tasks/s)
  [inference] Batch 1460-1480: 2.4s (8.2 tasks/s)
  [inference] Batch 1480-1500: 5.7s (3.5 tasks/s)
  [inference] Batch 1500-1520: 1.4s (13.8 tasks/s)
  [inference] Batch 1520-1534: 2.5s (5.5 tasks/s)

Inference done: 1534 tasks in 329.3s
Running local SQL execution and voting...
  [voting] 200/1534 tasks processed
  [voting] 400/1534 tasks processed
  [voting] 600/1534 tasks processed
  [voting] 800/1534 tasks processed
  [voting] 1000/1534 tasks processed
  [voting] 1200/1534 tasks processed
  [voting] 1400/1534 tasks processed

Vote complete: 1534 predictions in 329.3s
  Unanimous: 1131
  Majority:  381
  No majority (tie): 10
  All failed: 12
  Saved to results/vote_v2.json

Running evaluation...

==================================================
BIRD Execution Accuracy: 0.6102 (936/1534)
  Skipped (gold errors): 0
  Pred SQL errors:       12
  Result mismatches:     586

Per-database accuracy:
  california_schools             0.6067 (54/89)
  card_games                     0.5445 (104/191)
  codebase_community             0.5914 (110/186)
  debit_card_specializing        0.5781 (37/64)
  european_football_2            0.6279 (81/129)
  financial                      0.6226 (66/106)
  formula_1                      0.5345 (93/174)
  student_club                   0.7215 (114/158)
  superhero                      0.8760 (113/129)
  thrombosis_prediction          0.4540 (74/163)
  toxicology                     0.6207 (90/145)
==================================================

Detailed results saved to: results/vote_v2_detailed.json
[tracker] Logged: vote_v2_n5 | accuracy=0.6102 | vote n=5 temp=0.7 prompt=v2
